<?xml version="1.0" encoding="UTF-8"?>
<!-- Generated by org.testng.reporters.JUnitReportReporter -->
<testsuite hostname="LAPTOP-QJS6JHDG" failures="0" tests="1" name="Practice_data_driven_testing.ReadTheDataFromJsonFileInRealTimeExample" time="40.905" errors="0" timestamp="16 Oct 2025 04:41:04 GMT" skipped="0">
  <testcase classname="Practice_data_driven_testing.ReadTheDataFromJsonFileInRealTimeExample" name="createOrgtest" time="40.905"/>
</testsuite> <!-- Practice_data_driven_testing.ReadTheDataFromJsonFileInRealTimeExample -->
