<?xml version="1.0" encoding="UTF-8"?>
<!-- Generated by org.testng.reporters.JUnitReportReporter -->
<testsuite hostname="LAPTOP-QJS6JHDG" failures="0" tests="1" name="Practice_data_driven_testing.SampleUnitTestCheckProjectInBackend" time="0.243" errors="0" timestamp="16 Oct 2025 13:13:01 GMT" skipped="0">
  <testcase classname="Practice_data_driven_testing.SampleUnitTestCheckProjectInBackend" name="projectCheckTest" time="0.243"/>
</testsuite> <!-- Practice_data_driven_testing.SampleUnitTestCheckProjectInBackend -->
