<?xml version="1.0" encoding="UTF-8"?>
<!-- Generated by org.testng.reporters.JUnitReportReporter -->
<testsuite hostname="LAPTOP-QJS6JHDG" failures="0" tests="3" name="amazonTC.getProductInfoTest" time="41.564" errors="0" timestamp="05 Nov 2025 11:49:30 GMT" skipped="0">
  <testcase classname="amazonTC.getProductInfoTest" name="getProductInfoTestAmazon" time="14.431"/>
  <testcase classname="amazonTC.getProductInfoTest" name="getProductInfoTestAmazon" time="18.143"/>
  <testcase classname="amazonTC.getProductInfoTest" name="getProductInfoTestAmazon" time="8.990"/>
</testsuite> <!-- amazonTC.getProductInfoTest -->
