<?xml version="1.0" encoding="UTF-8"?>
<!-- Generated by org.testng.reporters.JUnitReportReporter -->
<testsuite hostname="LAPTOP-QJS6JHDG" failures="0" tests="1" name="com.comcast.crm.contacttest.CreateContactWithGUAndORWithTestNG" time="10.728" errors="0" timestamp="2025-11-15T12:43:55 IST" skipped="0">
  <testcase classname="com.comcast.crm.contacttest.CreateContactWithGUAndORWithTestNG" name="createContactTest" time="10.728"/>
</testsuite> <!-- com.comcast.crm.contacttest.CreateContactWithGUAndORWithTestNG -->
