<?xml version="1.0" encoding="UTF-8"?>
<!-- Generated by org.testng.reporters.JUnitReportReporter -->
<testsuite hostname="LAPTOP-QJS6JHDG" failures="0" tests="2" name="PracticsTest.InvoiceTest" time="11.325" errors="0" timestamp="2025-11-11T15:59:56 IST" skipped="0">
  <testcase classname="PracticsTest.InvoiceTest" name="createInvoice" time="2.089">
    <system-out>
      <![CDATA[execute create invoice ]]>
    </system-out>
  </testcase> <!-- createInvoice -->
  <testcase classname="PracticsTest.InvoiceTest" name="createInvoiceWithContact" time="9.236">
    <system-out>
      <![CDATA[execute create invoice with contact]]>
    </system-out>
  </testcase> <!-- createInvoiceWithContact -->
  <system-out>
    <![CDATA[===Before Suite===
execute create invoice 
execute create invoice with contact]]>
  </system-out>
</testsuite> <!-- PracticsTest.InvoiceTest -->
