<?xml version="1.0" encoding="UTF-8"?>
<!-- Generated by org.testng.reporters.JUnitReportReporter -->
<testsuite hostname="LAPTOP-QJS6JHDG" failures="0" tests="1" name="com.comcast.crm.orgtest.CreateOrganizationWithGenericUtilityAndObjectRepositorywithTestNG" time="12.860" errors="0" timestamp="07 Nov 2025 09:22:36 GMT" skipped="0">
  <testcase classname="com.comcast.crm.orgtest.CreateOrganizationWithGenericUtilityAndObjectRepositorywithTestNG" name="createOrganizationTest" time="12.860"/>
</testsuite> <!-- com.comcast.crm.orgtest.CreateOrganizationWithGenericUtilityAndObjectRepositorywithTestNG -->
