<?xml version="1.0" encoding="UTF-8"?>
<!-- Generated by org.testng.reporters.JUnitReportReporter -->
<testsuite hostname="LAPTOP-QJS6JHDG" failures="0" tests="3" name="com.comcast.crm.contacttest.CreateContactWithSupportDateWithGeneralUtilityAndORAndConfigAnnotation" time="45.482" errors="0" timestamp="06 Nov 2025 13:47:23 GMT" skipped="0">
  <testcase classname="com.comcast.crm.contacttest.CreateContactWithSupportDateWithGeneralUtilityAndORAndConfigAnnotation" name="createContactTest" time="13.099"/>
  <testcase classname="com.comcast.crm.contacttest.CreateContactWithSupportDateWithGeneralUtilityAndORAndConfigAnnotation" name="createContactWithSupportdateTest" time="8.318"/>
  <testcase classname="com.comcast.crm.contacttest.CreateContactWithSupportDateWithGeneralUtilityAndORAndConfigAnnotation" name="createContactWithOrganizationTest" time="24.065"/>
</testsuite> <!-- com.comcast.crm.contacttest.CreateContactWithSupportDateWithGeneralUtilityAndORAndConfigAnnotation -->
