<?xml version="1.0" encoding="UTF-8"?>
<!-- Generated by org.testng.reporters.JUnitReportReporter -->
<testsuite hostname="LAPTOP-QJS6JHDG" failures="0" tests="3" name="com.comcast.crm.CreateContactTest.CreateContactTest" time="40.203" errors="0" timestamp="2025-11-15T16:07:41 IST" skipped="0">
  <testcase classname="com.comcast.crm.CreateContactTest.CreateContactTest" name="createContactTest" time="7.514">
    <system-out>
      <![CDATA[=====createContactTest=======started==========]]>
    </system-out>
  </testcase> <!-- createContactTest -->
  <testcase classname="com.comcast.crm.CreateContactTest.CreateContactTest" name="createContactWithOrganization_Test" time="24.784">
    <system-out>
      <![CDATA[=====createContactWithOrganization_Test=======started==========
J&Qspider_1870]]>
    </system-out>
  </testcase> <!-- createContactWithOrganization_Test -->
  <testcase classname="com.comcast.crm.CreateContactTest.CreateContactTest" name="createContactWithSupportdateTest" time="7.905">
    <system-out>
      <![CDATA[=====createContactWithSupportdateTest=======started==========]]>
    </system-out>
  </testcase> <!-- createContactWithSupportdateTest -->
  <system-out>
    <![CDATA[Report Configuration
=====createOrganizationTest=======started==========
Report Configuration
=====createOrganizationTest=======started==========
=====createOrganizationwithIndustrytest=======started==========
=====createOrganizationwithPhoneNumberTest=======started==========
=====createContactTest=======started==========
=====createContactWithOrganization_Test=======started==========
J&Qspider_1870
=====createContactWithSupportdateTest=======started==========]]>
  </system-out>
</testsuite> <!-- com.comcast.crm.CreateContactTest.CreateContactTest -->
