<?xml version="1.0" encoding="UTF-8"?>
<!-- Generated by org.testng.reporters.JUnitReportReporter -->
<testsuite hostname="LAPTOP-QJS6JHDG" failures="0" tests="1" name="Practice_data_driven_testing.ReadRunTimeMavenParameterTest1" time="0.009" errors="0" timestamp="2025-10-14T15:49:50 IST" skipped="0">
  <testcase classname="Practice_data_driven_testing.ReadRunTimeMavenParameterTest1" name="runtimeParameterTest" time="0.009"/>
</testsuite> <!-- Practice_data_driven_testing.ReadRunTimeMavenParameterTest1 -->
