<?xml version="1.0" encoding="UTF-8"?>
<!-- Generated by org.testng.reporters.JUnitXMLReporter -->
<testsuite ignored="2" hostname="LAPTOP-QJS6JHDG" failures="0" tests="6" name="Test" time="121.4" errors="0" timestamp="2025-11-15T16:07:39 IST">
  <testcase classname="com.comcast.crm.OrganizationTest.CreateOrganizationTest" name="createOrganizationTest" time="5.306"/>
  <testcase classname="com.comcast.crm.OrganizationTest.CreateOrganizationTest" name="createOrganizationwithIndustrytest" time="0.0">
    <skipped/>
  </testcase> <!-- createOrganizationwithIndustrytest -->
  <testcase classname="com.comcast.crm.OrganizationTest.CreateOrganizationTest" name="createOrganizationwithPhoneNumberTest" time="0.0">
    <skipped/>
  </testcase> <!-- createOrganizationwithPhoneNumberTest -->
  <testcase classname="com.comcast.crm.CreateContactTest.CreateContactTest" name="createContactTest" time="5.28"/>
  <testcase classname="com.comcast.crm.CreateContactTest.CreateContactTest" name="createContactWithOrganization_Test" time="21.43"/>
  <testcase classname="com.comcast.crm.CreateContactTest.CreateContactTest" name="createContactWithSupportdateTest" time="5.605"/>
  <testcase classname="com.comcast.crm.baseclass.BaseClass" name="@BeforeSuite BeforeSuite" time="0.0">
    <ignored/>
  </testcase> <!-- @BeforeSuite BeforeSuite -->
  <testcase classname="com.comcast.crm.baseclass.BaseClass" name="@AfterSuite AfterSuite" time="0.0">
    <ignored/>
  </testcase> <!-- @AfterSuite AfterSuite -->
</testsuite> <!-- Test -->
